# JRE version: Java(TM) SE Runtime Environment (21.0.8+12) (build 21.0.8+12-LTS-250)
# Java VM: Java HotSpot(TM) 64-Bit Server VM (21.0.8+12-LTS-250, mixed mode, sharing, tiered, compressed oops, compressed class ptrs, g1 gc, windows-amd64)
GC Precious Log:
 CardTable entry size: 512
 Card Set container configuration: InlinePtr #cards 5 size 8 Array Of Cards #cards 12 size 40 Howl #buckets 4 coarsen threshold 1843 Howl Bitmap #cards 512 size 80 coarsen threshold 460 Card regions per heap region 1 cards per card region 2048
 CPUs: 8 total, 8 available
 Memory: 7971M
 Large Page Support: Disabled
 NUMA Support: Disabled
 Compressed Oops: Enabled (32-bit)
 Heap Region Size: 1M
 Heap Min Capacity: 8M
 Heap Initial Capacity: 126M
 Heap Max Capacity: 1994M
 Pre-touch: Disabled
 Parallel Workers: 8
 Concurrent Workers: 2
 Concurrent Refinement Workers: 8
 Periodic GC: Disabled
Heap:
 garbage-first heap   total 204800K, used 129536K [0x0000000083600000, 0x0000000100000000)
  region size 1024K, 7 young (7168K), 7 survivors (7168K)
 Metaspace       used 58463K, committed 58816K, reserved 1114112K
  class space    used 6513K, committed 6656K, reserved 1048576K
GC Heap History (20 events):
Event: 9.728 GC heap after
{Heap after GC invocations=15 (full 0):
 garbage-first heap   total 73728K, used 47102K [0x0000000083600000, 0x0000000100000000)
  region size 1024K, 3 young (3072K), 3 survivors (3072K)
 Metaspace       used 47362K, committed 47680K, reserved 1114112K
  class space    used 5542K, committed 5632K, reserved 1048576K
}
Event: 10.221 GC heap before
{Heap before GC invocations=15 (full 0):
 garbage-first heap   total 73728K, used 63486K [0x0000000083600000, 0x0000000100000000)
  region size 1024K, 18 young (18432K), 3 survivors (3072K)
 Metaspace       used 48764K, committed 49088K, reserved 1114112K
  class space    used 5689K, committed 5824K, reserved 1048576K
}
Event: 10.235 GC heap after
{Heap after GC invocations=16 (full 0):
 garbage-first heap   total 73728K, used 52157K [0x0000000083600000, 0x0000000100000000)
  region size 1024K, 3 young (3072K), 3 survivors (3072K)
 Metaspace       used 48764K, committed 49088K, reserved 1114112K
  class space    used 5689K, committed 5824K, reserved 1048576K
}
Event: 10.289 GC heap before
{Heap before GC invocations=16 (full 0):
 garbage-first heap   total 73728K, used 64445K [0x0000000083600000, 0x0000000100000000)
  region size 1024K, 15 young (15360K), 3 survivors (3072K)
 Metaspace       used 48778K, committed 49152K, reserved 1114112K
  class space    used 5689K, committed 5824K, reserved 1048576K
}
Event: 10.301 GC heap after
{Heap after GC invocations=17 (full 0):
 garbage-first heap   total 73728K, used 56832K [0x0000000083600000, 0x0000000100000000)
  region size 1024K, 2 young (2048K), 2 survivors (2048K)
 Metaspace       used 48778K, committed 49152K, reserved 1114112K
  class space    used 5689K, committed 5824K, reserved 1048576K
}
Event: 10.521 GC heap before
{Heap before GC invocations=18 (full 0):
 garbage-first heap   total 106496K, used 64000K [0x0000000083600000, 0x0000000100000000)
  region size 1024K, 10 young (10240K), 2 survivors (2048K)
 Metaspace       used 48880K, committed 49216K, reserved 1114112K
  class space    used 5697K, committed 5824K, reserved 1048576K
}
Event: 10.529 GC heap after
{Heap after GC invocations=19 (full 0):
 garbage-first heap   total 106496K, used 59893K [0x0000000083600000, 0x0000000100000000)
  region size 1024K, 2 young (2048K), 2 survivors (2048K)
 Metaspace       used 48880K, committed 49216K, reserved 1114112K
  class space    used 5697K, committed 5824K, reserved 1048576K
}
Event: 11.249 GC heap before
{Heap before GC invocations=19 (full 0):
 garbage-first heap   total 106496K, used 84469K [0x0000000083600000, 0x0000000100000000)
  region size 1024K, 27 young (27648K), 2 survivors (2048K)
 Metaspace       used 50959K, committed 51328K, reserved 1114112K
  class space    used 5894K, committed 6016K, reserved 1048576K
}
Event: 11.270 GC heap after
{Heap after GC invocations=20 (full 0):
 garbage-first heap   total 155648K, used 64512K [0x0000000083600000, 0x0000000100000000)
  region size 1024K, 4 young (4096K), 4 survivors (4096K)
 Metaspace       used 50959K, committed 51328K, reserved 1114112K
  class space    used 5894K, committed 6016K, reserved 1048576K
}
Event: 13.863 GC heap before
{Heap before GC invocations=20 (full 0):
 garbage-first heap   total 155648K, used 118784K [0x0000000083600000, 0x0000000100000000)
  region size 1024K, 57 young (58368K), 4 survivors (4096K)
 Metaspace       used 55686K, committed 56064K, reserved 1114112K
  class space    used 6349K, committed 6464K, reserved 1048576K
}
Event: 13.891 GC heap after
{Heap after GC invocations=21 (full 0):
 garbage-first heap   total 155648K, used 74961K [0x0000000083600000, 0x0000000100000000)
  region size 1024K, 8 young (8192K), 8 survivors (8192K)
 Metaspace       used 55686K, committed 56064K, reserved 1114112K
  class space    used 6349K, committed 6464K, reserved 1048576K
}
Event: 15.525 GC heap before
{Heap before GC invocations=21 (full 0):
 garbage-first heap   total 155648K, used 121041K [0x0000000083600000, 0x0000000100000000)
  region size 1024K, 53 young (54272K), 8 survivors (8192K)
 Metaspace       used 56866K, committed 57216K, reserved 1114112K
  class space    used 6423K, committed 6528K, reserved 1048576K
}
Event: 15.559 GC heap after
{Heap after GC invocations=22 (full 0):
 garbage-first heap   total 155648K, used 83294K [0x0000000083600000, 0x0000000100000000)
  region size 1024K, 7 young (7168K), 7 survivors (7168K)
 Metaspace       used 56866K, committed 57216K, reserved 1114112K
  class space    used 6423K, committed 6528K, reserved 1048576K
}
Event: 15.933 GC heap before
{Heap before GC invocations=22 (full 0):
 garbage-first heap   total 155648K, used 127326K [0x0000000083600000, 0x0000000100000000)
  region size 1024K, 50 young (51200K), 7 survivors (7168K)
 Metaspace       used 57081K, committed 57472K, reserved 1114112K
  class space    used 6436K, committed 6592K, reserved 1048576K
}
Event: 15.951 GC heap after
{Heap after GC invocations=23 (full 0):
 garbage-first heap   total 155648K, used 95232K [0x0000000083600000, 0x0000000100000000)
  region size 1024K, 7 young (7168K), 7 survivors (7168K)
 Metaspace       used 57081K, committed 57472K, reserved 1114112K
  class space    used 6436K, committed 6592K, reserved 1048576K
}
Event: 16.154 GC heap before
{Heap before GC invocations=24 (full 0):
 garbage-first heap   total 204800K, used 132096K [0x0000000083600000, 0x0000000100000000)
  region size 1024K, 43 young (44032K), 7 survivors (7168K)
 Metaspace       used 57081K, committed 57472K, reserved 1114112K
  class space    used 6436K, committed 6592K, reserved 1048576K
}
Event: 16.167 GC heap after
{Heap after GC invocations=25 (full 0):
 garbage-first heap   total 204800K, used 107008K [0x0000000083600000, 0x0000000100000000)
  region size 1024K, 6 young (6144K), 6 survivors (6144K)
 Metaspace       used 57081K, committed 57472K, reserved 1114112K
  class space    used 6436K, committed 6592K, reserved 1048576K
}
Event: 17.194 GC heap before
{Heap before GC invocations=25 (full 0):
 garbage-first heap   total 204800K, used 166400K [0x0000000083600000, 0x0000000100000000)
  region size 1024K, 64 young (65536K), 6 survivors (6144K)
 Metaspace       used 57724K, committed 58048K, reserved 1114112K
  class space    used 6490K, committed 6592K, reserved 1048576K
}
Event: 17.212 GC heap after
{Heap after GC invocations=26 (full 0):
 garbage-first heap   total 204800K, used 121856K [0x0000000083600000, 0x0000000100000000)
  region size 1024K, 8 young (8192K), 8 survivors (8192K)
 Metaspace       used 57724K, committed 58048K, reserved 1114112K
  class space    used 6490K, committed 6592K, reserved 1048576K
}
Event: 18.669 GC heap before
{Heap before GC invocations=26 (full 0):
 garbage-first heap   total 204800K, used 172032K [0x0000000083600000, 0x0000000100000000)
  region size 1024K, 57 young (58368K), 8 survivors (8192K)
 Metaspace       used 58463K, committed 58816K, reserved 1114112K
  class space    used 6513K, committed 6656K, reserved 1048576K
}

