# JRE version: Java(TM) SE Runtime Environment (21.0.8+12) (build 21.0.8+12-LTS-250)
# Java VM: Java HotSpot(TM) 64-Bit Server VM (21.0.8+12-LTS-250, mixed mode, sharing, tiered, compressed oops, compressed class ptrs, g1 gc, windows-amd64)
GC Precious Log:
 CardTable entry size: 512
 Card Set container configuration: InlinePtr #cards 5 size 8 Array Of Cards #cards 12 size 40 Howl #buckets 4 coarsen threshold 1843 Howl Bitmap #cards 512 size 80 coarsen threshold 460 Card regions per heap region 1 cards per card region 2048
 CPUs: 8 total, 8 available
 Memory: 7971M
 Large Page Support: Disabled
 NUMA Support: Disabled
 Compressed Oops: Enabled (32-bit)
 Heap Region Size: 1M
 Heap Min Capacity: 8M
 Heap Initial Capacity: 126M
 Heap Max Capacity: 1994M
 Pre-touch: Disabled
 Parallel Workers: 8
 Concurrent Workers: 2
 Concurrent Refinement Workers: 8
 Periodic GC: Disabled
Heap:
 garbage-first heap   total 403456K, used 264774K [0x0000000083600000, 0x0000000100000000)
  region size 1024K, 39 young (39936K), 12 survivors (12288K)
 Metaspace       used 90811K, committed 91264K, reserved 1179648K
  class space    used 9112K, committed 9280K, reserved 1048576K
GC Heap History (20 events):
Event: 35.629 GC heap before
{Heap before GC invocations=34 (full 0):
 garbage-first heap   total 280576K, used 247334K [0x0000000083600000, 0x0000000100000000)
  region size 1024K, 81 young (82944K), 11 survivors (11264K)
 Metaspace       used 79052K, committed 79488K, reserved 1179648K
  class space    used 8206K, committed 8384K, reserved 1048576K
}
Event: 35.653 GC heap after
{Heap after GC invocations=35 (full 0):
 garbage-first heap   total 280576K, used 184398K [0x0000000083600000, 0x0000000100000000)
  region size 1024K, 8 young (8192K), 8 survivors (8192K)
 Metaspace       used 79052K, committed 79488K, reserved 1179648K
  class space    used 8206K, committed 8384K, reserved 1048576K
}
Event: 36.874 GC heap before
{Heap before GC invocations=35 (full 0):
 garbage-first heap   total 280576K, used 225358K [0x0000000083600000, 0x0000000100000000)
  region size 1024K, 49 young (50176K), 8 survivors (8192K)
 Metaspace       used 82824K, committed 83328K, reserved 1179648K
  class space    used 8572K, committed 8768K, reserved 1048576K
}
Event: 36.888 GC heap after
{Heap after GC invocations=36 (full 0):
 garbage-first heap   total 280576K, used 188165K [0x0000000083600000, 0x0000000100000000)
  region size 1024K, 4 young (4096K), 4 survivors (4096K)
 Metaspace       used 82824K, committed 83328K, reserved 1179648K
  class space    used 8572K, committed 8768K, reserved 1048576K
}
Event: 38.605 GC heap before
{Heap before GC invocations=37 (full 0):
 garbage-first heap   total 326656K, used 253701K [0x0000000083600000, 0x0000000100000000)
  region size 1024K, 68 young (69632K), 4 survivors (4096K)
 Metaspace       used 88384K, committed 88832K, reserved 1179648K
  class space    used 9029K, committed 9216K, reserved 1048576K
}
Event: 38.615 GC heap after
{Heap after GC invocations=38 (full 0):
 garbage-first heap   total 326656K, used 192060K [0x0000000083600000, 0x0000000100000000)
  region size 1024K, 8 young (8192K), 8 survivors (8192K)
 Metaspace       used 88384K, committed 88832K, reserved 1179648K
  class space    used 9029K, committed 9216K, reserved 1048576K
}
Event: 39.948 GC heap before
{Heap before GC invocations=38 (full 0):
 garbage-first heap   total 326656K, used 288316K [0x0000000083600000, 0x0000000100000000)
  region size 1024K, 102 young (104448K), 8 survivors (8192K)
 Metaspace       used 89811K, committed 90304K, reserved 1179648K
  class space    used 9070K, committed 9280K, reserved 1048576K
}
Event: 39.970 GC heap after
{Heap after GC invocations=39 (full 0):
 garbage-first heap   total 326656K, used 196280K [0x0000000083600000, 0x0000000100000000)
  region size 1024K, 12 young (12288K), 12 survivors (12288K)
 Metaspace       used 89811K, committed 90304K, reserved 1179648K
  class space    used 9070K, committed 9280K, reserved 1048576K
}
Event: 40.983 GC heap before
{Heap before GC invocations=39 (full 0):
 garbage-first heap   total 326656K, used 293560K [0x0000000083600000, 0x0000000100000000)
  region size 1024K, 107 young (109568K), 12 survivors (12288K)
 Metaspace       used 90384K, committed 90880K, reserved 1179648K
  class space    used 9103K, committed 9280K, reserved 1048576K
}
Event: 40.998 GC heap after
{Heap after GC invocations=40 (full 0):
 garbage-first heap   total 326656K, used 201904K [0x0000000083600000, 0x0000000100000000)
  region size 1024K, 13 young (13312K), 13 survivors (13312K)
 Metaspace       used 90384K, committed 90880K, reserved 1179648K
  class space    used 9103K, committed 9280K, reserved 1048576K
}
Event: 41.530 GC heap before
{Heap before GC invocations=40 (full 0):
 garbage-first heap   total 326656K, used 295088K [0x0000000083600000, 0x0000000100000000)
  region size 1024K, 104 young (106496K), 13 survivors (13312K)
 Metaspace       used 90486K, committed 90944K, reserved 1179648K
  class space    used 9104K, committed 9280K, reserved 1048576K
}
Event: 41.544 GC heap after
{Heap after GC invocations=41 (full 0):
 garbage-first heap   total 326656K, used 208787K [0x0000000083600000, 0x0000000100000000)
  region size 1024K, 13 young (13312K), 13 survivors (13312K)
 Metaspace       used 90486K, committed 90944K, reserved 1179648K
  class space    used 9104K, committed 9280K, reserved 1048576K
}
Event: 42.026 GC heap before
{Heap before GC invocations=41 (full 0):
 garbage-first heap   total 326656K, used 295827K [0x0000000083600000, 0x0000000100000000)
  region size 1024K, 98 young (100352K), 13 survivors (13312K)
 Metaspace       used 90550K, committed 91008K, reserved 1179648K
  class space    used 9104K, committed 9280K, reserved 1048576K
}
Event: 42.044 GC heap after
{Heap after GC invocations=42 (full 0):
 garbage-first heap   total 326656K, used 218387K [0x0000000083600000, 0x0000000100000000)
  region size 1024K, 10 young (10240K), 10 survivors (10240K)
 Metaspace       used 90550K, committed 91008K, reserved 1179648K
  class space    used 9104K, committed 9280K, reserved 1048576K
}
Event: 42.790 GC heap before
{Heap before GC invocations=43 (full 0):
 garbage-first heap   total 403456K, used 293139K [0x0000000083600000, 0x0000000100000000)
  region size 1024K, 84 young (86016K), 10 survivors (10240K)
 Metaspace       used 90602K, committed 91072K, reserved 1179648K
  class space    used 9104K, committed 9280K, reserved 1048576K
}
Event: 42.805 GC heap after
{Heap after GC invocations=44 (full 0):
 garbage-first heap   total 403456K, used 222411K [0x0000000083600000, 0x0000000100000000)
  region size 1024K, 6 young (6144K), 6 survivors (6144K)
 Metaspace       used 90602K, committed 91072K, reserved 1179648K
  class space    used 9104K, committed 9280K, reserved 1048576K
}
Event: 43.517 GC heap before
{Heap before GC invocations=44 (full 0):
 garbage-first heap   total 403456K, used 369867K [0x0000000083600000, 0x0000000100000000)
  region size 1024K, 150 young (153600K), 6 survivors (6144K)
 Metaspace       used 90643K, committed 91136K, reserved 1179648K
  class space    used 9104K, committed 9280K, reserved 1048576K
}
Event: 43.534 GC heap after
{Heap after GC invocations=45 (full 0):
 garbage-first heap   total 403456K, used 228220K [0x0000000083600000, 0x0000000100000000)
  region size 1024K, 14 young (14336K), 14 survivors (14336K)
 Metaspace       used 90643K, committed 91136K, reserved 1179648K
  class space    used 9104K, committed 9280K, reserved 1048576K
}
Event: 43.982 GC heap before
{Heap before GC invocations=45 (full 0):
 garbage-first heap   total 403456K, used 366460K [0x0000000083600000, 0x0000000100000000)
  region size 1024K, 149 young (152576K), 14 survivors (14336K)
 Metaspace       used 90720K, committed 91200K, reserved 1179648K
  class space    used 9104K, committed 9280K, reserved 1048576K
}
Event: 44.003 GC heap after
{Heap after GC invocations=46 (full 0):
 garbage-first heap   total 403456K, used 238150K [0x0000000083600000, 0x0000000100000000)
  region size 1024K, 12 young (12288K), 12 survivors (12288K)
 Metaspace       used 90720K, committed 91200K, reserved 1179648K
  class space    used 9104K, committed 9280K, reserved 1048576K
}

